<?xml version="1.0" encoding="UTF-8"?>
<testng-results ignored="0" total="1" passed="1" failed="0" skipped="0">
  <reporter-output>
  </reporter-output>
  <suite started-at="2023-02-16T13:06:36 IST" name="Default suite" finished-at="2023-02-16T13:06:44 IST" duration-ms="7555">
    <groups>
    </groups>
    <test started-at="2023-02-16T13:06:36 IST" name="Default test" finished-at="2023-02-16T13:06:44 IST" duration-ms="7555">
      <class name="TestScript.Script">
        <test-method is-config="true" signature="launch()[pri:0, instance:TestScript.Script@6cd28fa7]" started-at="2023-02-16T13:06:36 IST" name="launch" finished-at="2023-02-16T13:06:40 IST" duration-ms="3692" status="PASS">
          <reporter-output>
          </reporter-output>
        </test-method> <!-- launch -->
        <test-method signature="Gmail()[pri:0, instance:TestScript.Script@6cd28fa7]" started-at="2023-02-16T13:06:40 IST" name="Gmail" finished-at="2023-02-16T13:06:44 IST" duration-ms="3812" status="PASS">
          <reporter-output>
          </reporter-output>
        </test-method> <!-- Gmail -->
      </class> <!-- TestScript.Script -->
    </test> <!-- Default test -->
  </suite> <!-- Default suite -->
</testng-results>
